;;; 
Export: Release 11.2.0.2.0 - Production on Wed Apr 19 16:44:26 2017

Copyright (c) 1982, 2009, Oracle and/or its affiliates.  All rights reserved.
;;; 
Connected to: Oracle Database 11g Express Edition Release 11.2.0.2.0 - 64bit Production
Starting "SYSTEM"."SYS_EXPORT_TABLE_01":  system/******** parfile=bookDB.par 
Estimate in progress using BLOCKS method...
Processing object type TABLE_EXPORT/TABLE/TABLE_DATA
Total estimation using BLOCKS method: 704 KB
Processing object type TABLE_EXPORT/TABLE/TABLE
Processing object type TABLE_EXPORT/TABLE/CONSTRAINT/CONSTRAINT
Processing object type TABLE_EXPORT/TABLE/CONSTRAINT/REF_CONSTRAINT
. . exported "LYDIA"."BOOK"                              7.976 KB      25 rows
. . exported "LYDIA"."BOOKCOLLECTION"                    6.312 KB      36 rows
. . exported "LYDIA"."BOOKGROUP"                         5.664 KB      24 rows
. . exported "LYDIA"."COLLECTION"                        5.953 KB      23 rows
. . exported "LYDIA"."COLLECTIONGROUP"                   5.703 KB      26 rows
. . exported "LYDIA"."CONDITION"                         5.757 KB       6 rows
. . exported "LYDIA"."LOANBOOK"                          7.101 KB      19 rows
. . exported "LYDIA"."PERSON"                            8.140 KB      26 rows
. . exported "LYDIA"."PERSONBOOK"                        6.085 KB      19 rows
. . exported "LYDIA"."PERSONGROUP"                       5.617 KB      18 rows
. . exported "LYDIA"."SHAREGROUP"                        6.078 KB      25 rows
Master table "SYSTEM"."SYS_EXPORT_TABLE_01" successfully loaded/unloaded
******************************************************************************
Dump file set for SYSTEM.SYS_EXPORT_TABLE_01 is:
  C:\USERS\LAC26\DOCUMENTS\PROJECT\LYDIA.DMP
Job "SYSTEM"."SYS_EXPORT_TABLE_01" successfully completed at 16:44:29
